Copyright 1986-2019 Xilinx, Inc. All Rights Reserved.
-----------------------------------------------------------------------------------------------------
| Tool Version : Vivado v.2019.1 (lin64) Build 2552052 Fri May 24 14:47:09 MDT 2019
| Date         : Mon Jun 20 23:30:04 2022
| Host         : diegoapp55 running 64-bit Ubuntu 22.04 LTS
| Command      : report_utilization -hierarchical -file nexys4ddr_utilization_hierarchical_synth.rpt
| Design       : nexys4ddr
| Device       : 7a100tcsg324-1
| Design State : Synthesized
-----------------------------------------------------------------------------------------------------

Utilization Design Information

Table of Contents
-----------------
1. Utilization by Hierarchy

1. Utilization by Hierarchy
---------------------------

+----------------+-------------------+------------+------------+---------+------+------+--------+--------+--------------+
|    Instance    |       Module      | Total LUTs | Logic LUTs | LUTRAMs | SRLs |  FFs | RAMB36 | RAMB18 | DSP48 Blocks |
+----------------+-------------------+------------+------------+---------+------+------+--------+--------+--------------+
| nexys4ddr      |             (top) |       2951 |       2847 |     104 |    0 | 2415 |     14 |      0 |            0 |
|   (nexys4ddr)  |             (top) |        628 |        612 |      16 |    0 | 1288 |     14 |      0 |            0 |
|   picorv32     |          picorv32 |       2323 |       2235 |      88 |    0 | 1127 |      0 |      0 |            0 |
|     (picorv32) |          picorv32 |       1603 |       1515 |      88 |    0 |  672 |      0 |      0 |            0 |
|     pcpi_div   | picorv32_pcpi_div |        388 |        388 |       0 |    0 |  200 |      0 |      0 |            0 |
|     pcpi_mul   | picorv32_pcpi_mul |        332 |        332 |       0 |    0 |  255 |      0 |      0 |            0 |
+----------------+-------------------+------------+------------+---------+------+------+--------+--------+--------------+


